2016.09.10 21:32:53.136 MSK INFO: *** SYSTEM START ***
2016.09.10 21:32:55.574 MSK INFO: *** SYSTEM START ***
2016.09.10 21:32:57.456 MSK WARNING: missing bundle: protege_text -- BundleHelper.<init>()
2016.09.10 21:32:57.604 MSK SEVERE: Unable to load project from: file:/Users/ru/clojure/rete4frames/projects/Clojure.pprj -- Project.getProjectInstancesReader()
2016.09.10 21:32:58.781 MSK INFO: Load time for file:/Users/ru/clojure/rete4frames/projects/Clojure.pprj = 0 sec (project) + 0 sec (ui) -- ProjectManager$3.run()
2016.09.10 21:37:09.794 MSK INFO: *** SYSTEM START ***
2016.09.10 21:37:10.262 MSK WARNING: missing bundle: protege_text -- BundleHelper.<init>()
2016.09.10 21:37:10.893 MSK INFO: Load time for file:/Users/ru/clojure/rete4frames/pro-projects/RuleEngine.pprj = 0 sec (project) + 0 sec (ui) -- ProjectManager$3.run()
2016.09.11 13:43:46.766 MSK INFO: *** SYSTEM START ***
2016.09.11 13:43:48.868 MSK WARNING: missing bundle: protege_text -- BundleHelper.<init>()
2016.09.11 13:43:50.440 MSK INFO: Load time for file:/Users/ru/clojure/rete4frames/pro-projects/RuleEngine.pprj = 0 sec (project) + 0 sec (ui) -- ProjectManager$3.run()
2016.09.11 14:08:53.104 MSK INFO: *** SYSTEM START ***
2016.09.11 14:08:53.580 MSK WARNING: missing bundle: protege_text -- BundleHelper.<init>()
2016.09.11 14:08:54.134 MSK INFO: Load time for file:/Users/ru/clojure/rete4frames/pro-projects/RuleEngine.pprj = 0 sec (project) + 0 sec (ui) -- ProjectManager$3.run()
2016.09.11 14:12:10.832 MSK INFO: Project load time for file:/Users/ru/clojure/rete4frames/pro-projects/Clojure.pprj: 0 sec -- ProjectChooser.loadProject()
2016.09.11 14:12:10.982 MSK INFO: UI display time = 0 sec -- ProjectManager$2.run()
2016.09.12 12:07:39.055 MSK INFO: *** SYSTEM START ***
2016.09.12 12:07:39.533 MSK WARNING: missing bundle: protege_text -- BundleHelper.<init>()
2016.09.12 12:07:40.258 MSK INFO: Load time for file:/Users/ru/clojure/rete4frames/pro-projects/RuleEngine.pprj = 0 sec (project) + 0 sec (ui) -- ProjectManager$3.run()
2016.09.12 17:08:19.711 MSK INFO: Project load time for file:/Users/ru/clojure/rete4frames/pro-projects/Clojure.pprj: 0 sec -- ProjectChooser.loadProject()
2016.09.12 17:08:19.895 MSK INFO: UI display time = 0 sec -- ProjectManager$2.run()
2016.09.12 17:15:16.305 MSK INFO: Project load time for file:/Users/ru/clojure/rete4frames/pro-projects/RuleEngine.pprj: 0 sec -- ProjectChooser.loadProject()
2016.09.12 17:15:16.427 MSK INFO: UI display time = 0 sec -- ProjectManager$2.run()
2016.09.12 17:16:27.972 MSK INFO: *** SYSTEM START ***
2016.09.12 17:16:28.391 MSK WARNING: missing bundle: protege_text -- BundleHelper.<init>()
2016.09.12 17:16:28.985 MSK INFO: Load time for file:/Users/ru/clojure/rete4frames/pro-projects/RuleEngine.pprj = 0 sec (project) + 0 sec (ui) -- ProjectManager$3.run()
2016.09.12 21:28:56.922 MSK INFO: *** SYSTEM START ***
2016.09.12 21:28:58.379 MSK WARNING: missing bundle: protege_text -- BundleHelper.<init>()
2016.09.12 21:29:00.064 MSK INFO: Load time for file:/Users/ru/clojure/rete4frames/pro-projects/RuleEngine.pprj = 0 sec (project) + 1 sec (ui) -- ProjectManager$3.run()
2016.09.12 21:30:40.582 MSK INFO: Load time for file:/Users/ru/clojure/rete4frames/pro-projects/Examples.pprj = 0 sec (project) + 0 sec (ui) -- ProjectManager$3.run()
2016.09.13 13:07:18.806 MSK INFO: *** SYSTEM START ***
2016.09.13 13:07:19.785 MSK WARNING: missing bundle: protege_text -- BundleHelper.<init>()
2016.09.13 13:07:21.258 MSK INFO: Load time for file:/Users/ru/clojure/rete4frames/pro-projects/RuleEngine.pprj = 0 sec (project) + 0 sec (ui) -- ProjectManager$3.run()
2016.09.13 13:08:00.803 MSK INFO: Project load time for file:/Users/ru/clojure/rete4frames/pro-projects/Examples.pprj: 0 sec -- ProjectChooser.loadProject()
2016.09.13 13:08:00.968 MSK INFO: UI display time = 0 sec -- ProjectManager$2.run()
2016.09.13 14:01:09.756 MSK INFO: *** SYSTEM START ***
2016.09.13 14:01:12.667 MSK INFO: *** SYSTEM START ***
2016.09.13 14:01:13.188 MSK WARNING: missing bundle: protege_text -- BundleHelper.<init>()
2016.09.13 14:01:13.850 MSK INFO: Load time for file:/Users/ru/clojure/rete4frames/pro-projects/Examples.pprj = 0 sec (project) + 0 sec (ui) -- ProjectManager$3.run()
2016.09.13 18:05:20.753 MSK INFO: Project load time for file:/Users/ru/clojure/rete4frames/pro-projects/Clojure.pprj: 0 sec -- ProjectChooser.loadProject()
2016.09.13 18:05:20.965 MSK INFO: UI display time = 0 sec -- ProjectManager$2.run()
2016.09.13 18:13:58.982 MSK INFO: *** SYSTEM START ***
2016.09.13 18:13:59.596 MSK WARNING: missing bundle: protege_text -- BundleHelper.<init>()
2016.09.13 18:14:00.311 MSK INFO: Load time for file:/Users/ru/clojure/rete4frames/pro-projects/Examples.pprj = 0 sec (project) + 0 sec (ui) -- ProjectManager$3.run()
2016.09.13 18:39:14.005 MSK INFO: Project load time for file:/Users/ru/clojure/rete4frames/pro-projects/RuleEngine.pprj: 0 sec -- ProjectChooser.loadProject()
2016.09.13 18:39:14.150 MSK INFO: UI display time = 0 sec -- ProjectManager$2.run()
2016.09.13 18:41:33.880 MSK INFO: Project load time for file:/Users/ru/clojure/rete4frames/pro-projects/Examples.pprj: 0 sec -- ProjectChooser.loadProject()
2016.09.13 18:41:34.009 MSK INFO: UI display time = 0 sec -- ProjectManager$2.run()
2016.09.13 18:43:38.403 MSK INFO: *** SYSTEM START ***
2016.09.13 18:43:38.945 MSK WARNING: missing bundle: protege_text -- BundleHelper.<init>()
2016.09.13 18:43:39.695 MSK INFO: Load time for file:/Users/ru/clojure/rete4frames/pro-projects/Examples.pprj = 0 sec (project) + 0 sec (ui) -- ProjectManager$3.run()
2016.09.13 18:47:59.137 MSK INFO: Project load time for file:/Users/ru/clojure/rete4frames/pro-projects/RuleEngine.pprj: 0 sec -- ProjectChooser.loadProject()
2016.09.13 18:47:59.284 MSK INFO: UI display time = 0 sec -- ProjectManager$2.run()
2016.09.13 18:50:22.342 MSK INFO: Project load time for file:/Users/ru/clojure/rete4frames/pro-projects/Examples.pprj: 0 sec -- ProjectChooser.loadProject()
2016.09.13 18:50:22.480 MSK INFO: UI display time = 0 sec -- ProjectManager$2.run()
2016.09.13 20:55:18.184 MSK INFO: Project load time for file:/Users/ru/clojure/rete4frames/pro-projects/RuleEngine.pprj: 0 sec -- ProjectChooser.loadProject()
2016.09.13 20:55:18.317 MSK INFO: UI display time = 0 sec -- ProjectManager$2.run()
2016.09.13 21:05:54.344 MSK INFO: *** SYSTEM START ***
2016.09.13 21:05:55.196 MSK WARNING: missing bundle: protege_text -- BundleHelper.<init>()
2016.09.13 21:05:55.557 MSK SEVERE: non-existent slot: butt-reset -- Parser.recordError()
2016.09.13 21:05:55.557 MSK SEVERE: non-existent slot: butt-retr-inss -- Parser.recordError()
2016.09.13 21:05:56.027 MSK INFO: Load time for file:/Users/ru/clojure/rete4frames/pro-projects/Examples.pprj = 0 sec (project) + 0 sec (ui) -- ProjectManager$3.run()
2016.09.13 21:08:17.127 MSK INFO: Project load time for file:/Users/ru/clojure/rete4frames/pro-projects/RuleEngine.pprj: 0 sec -- ProjectChooser.loadProject()
2016.09.13 21:08:17.281 MSK INFO: UI display time = 0 sec -- ProjectManager$2.run()
2016.09.13 21:23:53.295 MSK SEVERE: non-existent slot: butt-reset -- Parser.recordError()
2016.09.13 21:23:53.295 MSK SEVERE: non-existent slot: butt-retr-inss -- Parser.recordError()
2016.09.13 21:23:53.297 MSK INFO: Project load time for file:/Users/ru/clojure/rete4frames/pro-projects/Examples.pprj: 0 sec -- ProjectChooser.loadProject()
2016.09.13 21:23:53.485 MSK INFO: UI display time = 0 sec -- ProjectManager$2.run()
2016.09.13 21:25:22.963 MSK INFO: Project load time for file:/Users/ru/clojure/rete4frames/pro-projects/RuleEngine.pprj: 0 sec -- ProjectChooser.loadProject()
2016.09.13 21:25:23.095 MSK INFO: UI display time = 0 sec -- ProjectManager$2.run()
2016.09.13 21:26:26.255 MSK INFO: Project load time for file:/Users/ru/clojure/rete4frames/pro-projects/Examples.pprj: 0 sec -- ProjectChooser.loadProject()
2016.09.13 21:26:26.391 MSK INFO: UI display time = 0 sec -- ProjectManager$2.run()
2016.09.13 21:27:08.546 MSK INFO: Project load time for file:/Users/ru/clojure/rete4frames/pro-projects/RuleEngine.pprj: 0 sec -- ProjectChooser.loadProject()
2016.09.13 21:27:08.656 MSK INFO: UI display time = 0 sec -- ProjectManager$2.run()
2016.09.13 21:28:24.563 MSK INFO: Project load time for file:/Users/ru/clojure/rete4frames/pro-projects/Examples.pprj: 0 sec -- ProjectChooser.loadProject()
2016.09.13 21:28:24.672 MSK INFO: UI display time = 0 sec -- ProjectManager$2.run()
2016.09.13 21:29:15.869 MSK INFO: Project load time for file:/Users/ru/clojure/rete4frames/pro-projects/RuleEngine.pprj: 0 sec -- ProjectChooser.loadProject()
2016.09.13 21:29:15.982 MSK INFO: UI display time = 0 sec -- ProjectManager$2.run()
2016.09.13 21:34:42.928 MSK INFO: Project load time for file:/Users/ru/clojure/rete4frames/pro-projects/Examples.pprj: 0 sec -- ProjectChooser.loadProject()
2016.09.13 21:34:43.034 MSK INFO: UI display time = 0 sec -- ProjectManager$2.run()
2016.09.13 21:51:34.336 MSK INFO: *** SYSTEM START ***
2016.09.13 21:51:34.769 MSK WARNING: missing bundle: protege_text -- BundleHelper.<init>()
2016.09.13 21:51:35.456 MSK INFO: Load time for file:/Users/ru/clojure/rete4frames/pro-projects/Examples.pprj = 0 sec (project) + 0 sec (ui) -- ProjectManager$3.run()
2016.09.13 22:14:14.697 MSK INFO: Project load time for file:/Users/ru/clojure/rete4frames/pro-projects/RuleEngine.pprj: 0 sec -- ProjectChooser.loadProject()
2016.09.13 22:14:14.859 MSK INFO: UI display time = 0 sec -- ProjectManager$2.run()
2016.09.13 22:33:29.437 MSK INFO: Project load time for file:/Users/ru/clojure/rete4frames/pro-projects/Examples.pprj: 0 sec -- ProjectChooser.loadProject()
2016.09.13 22:33:29.576 MSK INFO: UI display time = 0 sec -- ProjectManager$2.run()
2016.09.13 22:36:28.463 MSK INFO: *** SYSTEM START ***
2016.09.13 22:36:29.428 MSK WARNING: missing bundle: protege_text -- BundleHelper.<init>()
2016.09.13 22:36:30.118 MSK INFO: Load time for file:/Users/ru/clojure/rete4frames/pro-projects/Examples.pprj = 0 sec (project) + 0 sec (ui) -- ProjectManager$3.run()
2016.09.13 22:39:04.269 MSK INFO: *** SYSTEM START ***
2016.09.13 22:39:04.725 MSK WARNING: missing bundle: protege_text -- BundleHelper.<init>()
2016.09.13 22:39:05.357 MSK INFO: Load time for file:/Users/ru/clojure/rete4frames/pro-projects/Examples.pprj = 0 sec (project) + 0 sec (ui) -- ProjectManager$3.run()
2016.09.14 07:30:27.348 MSK INFO: *** SYSTEM START ***
2016.09.14 07:30:37.767 MSK INFO: *** SYSTEM START ***
2016.09.14 07:30:37.784 MSK WARNING: Look and feel not found: com.apple.laf.AquaLookAndFeel -- SystemUtilities.setLookAndFeel()
2016.09.14 07:30:38.232 MSK WARNING: missing bundle: protege_text -- BundleHelper.<init>()
2016.09.14 07:30:40.748 MSK INFO: Load time for file:/home/ru/clojure/rete4frames/pro-projects/Examples.pprj = 0 sec (project) + 1 sec (ui) -- ProjectManager$3.run()
